# JRE version: Java(TM) SE Runtime Environment (11.0.1+13) (build 11.0.1+13-LTS)
# Java VM: Java HotSpot(TM) 64-Bit Server VM (11.0.1+13-LTS, mixed mode, tiered, compressed oops, g1 gc, windows-amd64)
Heap:
 garbage-first heap   total 157696K, used 47430K [0x0000000081e00000, 0x0000000100000000)
  region size 1024K, 39 young (39936K), 7 survivors (7168K)
 Metaspace       used 48301K, capacity 49386K, committed 49580K, reserved 1093632K
  class space    used 5874K, capacity 6314K, committed 6400K, reserved 1048576K
GC Heap History (10 events):
Event: 2.053 GC heap before
{Heap before GC invocations=3 (full 0):
 garbage-first heap   total 131072K, used 28253K [0x0000000081e00000, 0x0000000100000000)
  region size 1024K, 24 young (24576K), 5 survivors (5120K)
 Metaspace       used 24293K, capacity 24817K, committed 25088K, reserved 1071104K
  class space    used 2780K, capacity 2961K, committed 3072K, reserved 1048576K
}
Event: 2.063 GC heap after
{Heap after GC invocations=4 (full 0):
 garbage-first heap   total 131072K, used 9387K [0x0000000081e00000, 0x0000000100000000)
  region size 1024K, 1 young (1024K), 1 survivors (1024K)
 Metaspace       used 24293K, capacity 24817K, committed 25088K, reserved 1071104K
  class space    used 2780K, capacity 2961K, committed 3072K, reserved 1048576K
}
Event: 2.394 GC heap before
{Heap before GC invocations=4 (full 0):
 garbage-first heap   total 131072K, used 64683K [0x0000000081e00000, 0x0000000100000000)
  region size 1024K, 56 young (57344K), 1 survivors (1024K)
 Metaspace       used 26898K, capacity 27450K, committed 27776K, reserved 1073152K
  class space    used 3116K, capacity 3353K, committed 3456K, reserved 1048576K
}
Event: 2.396 GC heap after
{Heap after GC invocations=5 (full 0):
 garbage-first heap   total 131072K, used 10093K [0x0000000081e00000, 0x0000000100000000)
  region size 1024K, 2 young (2048K), 2 survivors (2048K)
 Metaspace       used 26898K, capacity 27450K, committed 27776K, reserved 1073152K
  class space    used 3116K, capacity 3353K, committed 3456K, reserved 1048576K
}
Event: 3.304 GC heap before
{Heap before GC invocations=5 (full 0):
 garbage-first heap   total 131072K, used 72557K [0x0000000081e00000, 0x0000000100000000)
  region size 1024K, 63 young (64512K), 2 survivors (2048K)
 Metaspace       used 33348K, capacity 34164K, committed 34304K, reserved 1079296K
  class space    used 3963K, capacity 4335K, committed 4352K, reserved 1048576K
}
Event: 3.309 GC heap after
{Heap after GC invocations=6 (full 0):
 garbage-first heap   total 131072K, used 13016K [0x0000000081e00000, 0x0000000100000000)
  region size 1024K, 5 young (5120K), 5 survivors (5120K)
 Metaspace       used 33348K, capacity 34164K, committed 34304K, reserved 1079296K
  class space    used 3963K, capacity 4335K, committed 4352K, reserved 1048576K
}
Event: 3.985 GC heap before
{Heap before GC invocations=6 (full 0):
 garbage-first heap   total 131072K, used 20184K [0x0000000081e00000, 0x0000000100000000)
  region size 1024K, 13 young (13312K), 5 survivors (5120K)
 Metaspace       used 34722K, capacity 35550K, committed 35628K, reserved 1081344K
  class space    used 4110K, capacity 4478K, committed 4480K, reserved 1048576K
}
Event: 3.995 GC heap after
{Heap after GC invocations=7 (full 0):
 garbage-first heap   total 131072K, used 13702K [0x0000000081e00000, 0x0000000100000000)
  region size 1024K, 5 young (5120K), 5 survivors (5120K)
 Metaspace       used 34722K, capacity 35550K, committed 35628K, reserved 1081344K
  class space    used 4110K, capacity 4478K, committed 4480K, reserved 1048576K
}
Event: 4.872 GC heap before
{Heap before GC invocations=8 (full 0):
 garbage-first heap   total 131072K, used 80262K [0x0000000081e00000, 0x0000000100000000)
  region size 1024K, 71 young (72704K), 5 survivors (5120K)
 Metaspace       used 41468K, capacity 42512K, committed 42668K, reserved 1087488K
  class space    used 4865K, capacity 5287K, committed 5376K, reserved 1048576K
}
Event: 4.898 GC heap after
{Heap after GC invocations=9 (full 0):
 garbage-first heap   total 157696K, used 15686K [0x0000000081e00000, 0x0000000100000000)
  region size 1024K, 7 young (7168K), 7 survivors (7168K)
 Metaspace       used 41468K, capacity 42512K, committed 42668K, reserved 1087488K
  class space    used 4865K, capacity 5287K, committed 5376K, reserved 1048576K
}

